0 info it worked if it ends with ok
1 verbose cli [
1 verbose cli   'C:\\Program Files\\nodejs\\node.exe',
1 verbose cli   'C:\\Users\\Unity_0118\\node_modules\\npm\\bin\\npm-cli.js',
1 verbose cli   'install',
1 verbose cli   '--save-dev',
1 verbose cli   '@types/node'
1 verbose cli ]
2 info using npm@2.15.12
3 info using node@v20.14.0
4 verbose install initial load of C:\Users\Unity_0118\Desktop\Java\Facebook\package.json
5 warn package.json facebook@1.0.0 No description
6 warn package.json facebook@1.0.0 No repository field.
7 warn package.json facebook@1.0.0 No README data
8 verbose installManyTop reading scoped package data from C:\Users\Unity_0118\Desktop\Java\Facebook\node_modules\@playwright\test\package.json
9 verbose readDependencies loading dependencies from C:\Users\Unity_0118\Desktop\Java\Facebook\package.json
10 silly cache add args [ '@types/node', null ]
11 verbose cache add spec @types/node
12 silly cache add parsed spec Result {
12 silly cache add   raw: '@types/node',
12 silly cache add   scope: '@types',
12 silly cache add   name: '@types/node',
12 silly cache add   rawSpec: '',
12 silly cache add   spec: 'latest',
12 silly cache add   type: 'tag'
12 silly cache add }
13 silly addNamed @types/node@latest
14 verbose addNamed "latest" is being treated as a dist-tag for @types/node
15 info addNameTag [ '@types/node', 'latest' ]
16 silly mapToRegistry name @types/node
17 silly mapToRegistry scope (from package name) @types
18 verbose mapToRegistry no registry URL found in name for scope @types
19 silly mapToRegistry using default registry
20 silly mapToRegistry registry https://registry.npmjs.org/
21 silly mapToRegistry data Result {
21 silly mapToRegistry   raw: '@types/node',
21 silly mapToRegistry   scope: '@types',
21 silly mapToRegistry   name: '@types/node',
21 silly mapToRegistry   rawSpec: '',
21 silly mapToRegistry   spec: 'latest',
21 silly mapToRegistry   type: 'tag'
21 silly mapToRegistry }
22 silly mapToRegistry uri https://registry.npmjs.org/@types%2fnode
23 verbose addNameTag registry:https://registry.npmjs.org/@types%2fnode not in flight; fetching
24 verbose request uri https://registry.npmjs.org/@types%2fnode
25 verbose request no auth needed
26 info attempt registry request try #1 at 10:25:14 am
27 verbose request id a72bc9b879e17e7e
28 http request GET https://registry.npmjs.org/@types%2fnode
29 http 200 https://registry.npmjs.org/@types%2fnode
30 verbose headers {
30 verbose headers   date: 'Thu, 20 Jun 2024 04:55:13 GMT',
30 verbose headers   'content-type': 'application/json',
30 verbose headers   'transfer-encoding': 'chunked',
30 verbose headers   connection: 'keep-alive',
30 verbose headers   'cf-ray': '89692a57cc144198-BOM',
30 verbose headers   'cf-cache-status': 'HIT',
30 verbose headers   'access-control-allow-origin': '*',
30 verbose headers   age: '267',
30 verbose headers   'cache-control': 'public, max-age=300',
30 verbose headers   etag: 'W/"54df66350e3cea97df2f6f2fa92d0ae6"',
30 verbose headers   'last-modified': 'Wed, 19 Jun 2024 16:08:23 GMT',
30 verbose headers   vary: 'accept-encoding, accept',
30 verbose headers   server: 'cloudflare',
30 verbose headers   'content-encoding': 'gzip'
30 verbose headers }
31 silly get cb [
31 silly get   200,
31 silly get   {
31 silly get     date: 'Thu, 20 Jun 2024 04:55:13 GMT',
31 silly get     'content-type': 'application/json',
31 silly get     'transfer-encoding': 'chunked',
31 silly get     connection: 'keep-alive',
31 silly get     'cf-ray': '89692a57cc144198-BOM',
31 silly get     'cf-cache-status': 'HIT',
31 silly get     'access-control-allow-origin': '*',
31 silly get     age: '267',
31 silly get     'cache-control': 'public, max-age=300',
31 silly get     etag: 'W/"54df66350e3cea97df2f6f2fa92d0ae6"',
31 silly get     'last-modified': 'Wed, 19 Jun 2024 16:08:23 GMT',
31 silly get     vary: 'accept-encoding, accept',
31 silly get     server: 'cloudflare',
31 silly get     'content-encoding': 'gzip'
31 silly get   }
31 silly get ]
32 verbose get saving @types/node to C:\Users\Unity_0118\AppData\Local\npm-cache\registry.npmjs.org\_40types_252fnode\.cache.json
33 verbose correctMkdir C:\Users\Unity_0118\AppData\Local\npm-cache correctMkdir not in flight; initializing
34 silly addNameTag next cb for @types/node with tag latest
35 silly addNamed @types/node@20.14.6
36 verbose addNamed "20.14.6" is a plain semver version for @types/node
37 silly mapToRegistry name @types/node
38 silly mapToRegistry scope (from package name) @types
39 verbose mapToRegistry no registry URL found in name for scope @types
40 silly mapToRegistry using default registry
41 silly mapToRegistry registry https://registry.npmjs.org/
42 silly mapToRegistry data Result {
42 silly mapToRegistry   raw: '@types/node',
42 silly mapToRegistry   scope: '@types',
42 silly mapToRegistry   name: '@types/node',
42 silly mapToRegistry   rawSpec: '',
42 silly mapToRegistry   spec: 'latest',
42 silly mapToRegistry   type: 'tag'
42 silly mapToRegistry }
43 silly mapToRegistry uri https://registry.npmjs.org/@types%2fnode
44 verbose addRemoteTarball https://registry.npmjs.org/@types/node/-/node-20.14.6.tgz not in flight; adding
45 verbose addRemoteTarball [
45 verbose addRemoteTarball   'https://registry.npmjs.org/@types/node/-/node-20.14.6.tgz',
45 verbose addRemoteTarball   'f3c19ffc98c2220e18de259bb172dd4d892a6075'
45 verbose addRemoteTarball ]
46 info retry fetch attempt 1 at 10:25:14 am
47 info attempt registry request try #1 at 10:25:14 am
48 http fetch GET https://registry.npmjs.org/@types/node/-/node-20.14.6.tgz
49 http fetch 200 https://registry.npmjs.org/@types/node/-/node-20.14.6.tgz
50 silly fetchAndShaCheck shasum f3c19ffc98c2220e18de259bb172dd4d892a6075
51 verbose addTmpTarball C:\Users\UNITY_~1\AppData\Local\Temp\npm-19140-6f29f62e\registry.npmjs.org\_40types\node\-\node-20.14.6.tgz not in flight; adding
52 verbose addTmpTarball already have metadata; skipping unpack for @types/node@20.14.6
53 verbose correctMkdir C:\Users\Unity_0118\AppData\Local\npm-cache correctMkdir not in flight; initializing
54 silly cache afterAdd @types/node@20.14.6
55 verbose afterAdd C:\Users\Unity_0118\AppData\Local\npm-cache\@types\node\20.14.6\package\package.json not in flight; writing
56 verbose correctMkdir C:\Users\Unity_0118\AppData\Local\npm-cache correctMkdir not in flight; initializing
57 verbose afterAdd C:\Users\Unity_0118\AppData\Local\npm-cache\@types\node\20.14.6\package\package.json written
58 silly install resolved [
58 silly install resolved   {
58 silly install resolved     name: '@types/node',
58 silly install resolved     version: '20.14.6',
58 silly install resolved     license: 'MIT',
58 silly install resolved     _id: '@types/node@20.14.6',
58 silly install resolved     maintainers: [ [Object] ],
58 silly install resolved     contributors: [
58 silly install resolved       [Object], [Object], [Object], [Object],
58 silly install resolved       [Object], [Object], [Object], [Object],
58 silly install resolved       [Object], [Object], [Object], [Object],
58 silly install resolved       [Object], [Object], [Object], [Object],
58 silly install resolved       [Object], [Object], [Object], [Object],
58 silly install resolved       [Object], [Object], [Object], [Object],
58 silly install resolved       [Object], [Object], [Object], [Object],
58 silly install resolved       [Object], [Object], [Object], [Object],
58 silly install resolved       [Object], [Object], [Object], [Object],
58 silly install resolved       [Object], [Object], [Object]
58 silly install resolved     ],
58 silly install resolved     homepage: 'https://github.com/DefinitelyTyped/DefinitelyTyped/tree/master/types/node',
58 silly install resolved     dist: {
58 silly install resolved       shasum: 'f3c19ffc98c2220e18de259bb172dd4d892a6075',
58 silly install resolved       tarball: 'https://registry.npmjs.org/@types/node/-/node-20.14.6.tgz',
58 silly install resolved       fileCount: 65,
58 silly install resolved       integrity: 'sha512-JbA0XIJPL1IiNnU7PFxDXyfAwcwVVrOoqyzzyQTyMeVhBzkJVMSkC1LlVsRQ2lpqiY4n6Bb9oCS6lzDKVQxbZw==',
58 silly install resolved       signatures: [Array],
58 silly install resolved       unpackedSize: 2089996
58 silly install resolved     },
58 silly install resolved     main: '',
58 silly install resolved     types: 'index.d.ts',
58 silly install resolved     scripts: {},
58 silly install resolved     _npmUser: { name: 'types', email: 'ts-npm-types@microsoft.com' },
58 silly install resolved     repository: {
58 silly install resolved       url: 'https://github.com/DefinitelyTyped/DefinitelyTyped.git',
58 silly install resolved       type: 'git',
58 silly install resolved       directory: 'types/node'
58 silly install resolved     },
58 silly install resolved     description: 'TypeScript definitions for node',
58 silly install resolved     directories: {},
58 silly install resolved     dependencies: { 'undici-types': '~5.26.4' },
58 silly install resolved     _hasShrinkwrap: false,
58 silly install resolved     typeScriptVersion: '4.7',
58 silly install resolved     _npmOperationalInternal: {
58 silly install resolved       tmp: 'tmp/node_20.14.6_1718813267852_0.9334556559822917',
58 silly install resolved       host: 's3://npm-registry-packages'
58 silly install resolved     },
58 silly install resolved     typesPublisherContentHash: '7ad87ee86165e98ba92d3e3f4bd58e162ffc58fa84208518416853f7f0f704fc',
58 silly install resolved     _shasum: 'f3c19ffc98c2220e18de259bb172dd4d892a6075',
58 silly install resolved     _resolved: 'https://registry.npmjs.org/@types/node/-/node-20.14.6.tgz',
58 silly install resolved     _from: '@types/node@latest'
58 silly install resolved   }
58 silly install resolved ]
59 info install @types/node@20.14.6 into C:\Users\Unity_0118\Desktop\Java\Facebook
60 info installOne @types/node@20.14.6
61 verbose installOne of @types/node to C:\Users\Unity_0118\Desktop\Java\Facebook not in flight; installing
62 verbose correctMkdir C:\Users\Unity_0118\AppData\Local\npm-cache\_locks correctMkdir not in flight; initializing
63 verbose lock using C:\Users\Unity_0118\AppData\Local\npm-cache\_locks\types-node-b9587e37e128d70e.lock for C:\Users\Unity_0118\Desktop\Java\Facebook\node_modules\@types\node
64 silly install write writing @types/node 20.14.6 to C:\Users\Unity_0118\Desktop\Java\Facebook\node_modules\@types\node
65 verbose unbuild node_modules\@types\node
66 silly gentlyRm C:\Users\Unity_0118\Desktop\Java\Facebook\node_modules\@types\node is being purged from base C:\Users\Unity_0118\Desktop\Java\Facebook
67 verbose gentlyRm don't care about contents; nuking C:\Users\Unity_0118\Desktop\Java\Facebook\node_modules\@types\node
68 verbose tar unpack C:\Users\Unity_0118\AppData\Local\npm-cache\@types\node\20.14.6\package.tgz
69 verbose tar unpacking to C:\Users\Unity_0118\Desktop\Java\Facebook\node_modules\@types\node
70 silly gentlyRm C:\Users\Unity_0118\Desktop\Java\Facebook\node_modules\@types\node is being purged
71 verbose gentlyRm don't care about contents; nuking C:\Users\Unity_0118\Desktop\Java\Facebook\node_modules\@types\node
72 silly gunzTarPerm modes [ '777', '666' ]
73 silly gunzTarPerm extractEntry
74 silly gunzTarPerm modified mode [ '', 493, 511 ]
75 silly gunzTarPerm extractEntry
76 silly gunzTarPerm modified mode [ '', 420, 438 ]
77 silly gunzTarPerm extractEntry
78 silly gunzTarPerm modified mode [ '', 420, 438 ]
79 silly gunzTarPerm extractEntry
80 silly gunzTarPerm modified mode [ '', 493, 511 ]
81 silly gunzTarPerm extractEntry
82 silly gunzTarPerm modified mode [ '', 420, 438 ]
83 silly gunzTarPerm extractEntry
84 silly gunzTarPerm modified mode [ '', 420, 438 ]
85 silly gunzTarPerm extractEntry
86 silly gunzTarPerm modified mode [ '', 420, 438 ]
87 silly gunzTarPerm extractEntry
88 silly gunzTarPerm modified mode [ '', 420, 438 ]
89 silly gunzTarPerm extractEntry
90 silly gunzTarPerm modified mode [ '', 420, 438 ]
91 silly gunzTarPerm extractEntry
92 silly gunzTarPerm modified mode [ '', 420, 438 ]
93 silly gunzTarPerm extractEntry
94 silly gunzTarPerm modified mode [ '', 420, 438 ]
95 silly gunzTarPerm extractEntry
96 silly gunzTarPerm modified mode [ '', 420, 438 ]
97 silly gunzTarPerm extractEntry
98 silly gunzTarPerm modified mode [ '', 420, 438 ]
99 silly gunzTarPerm extractEntry
100 silly gunzTarPerm modified mode [ '', 420, 438 ]
101 silly gunzTarPerm extractEntry
102 silly gunzTarPerm modified mode [ '', 493, 511 ]
103 silly gunzTarPerm extractEntry
104 silly gunzTarPerm modified mode [ '', 420, 438 ]
105 silly gunzTarPerm extractEntry
106 silly gunzTarPerm modified mode [ '', 420, 438 ]
107 silly gunzTarPerm extractEntry
108 silly gunzTarPerm modified mode [ '', 420, 438 ]
109 silly gunzTarPerm extractEntry
110 silly gunzTarPerm modified mode [ '', 420, 438 ]
111 silly gunzTarPerm extractEntry
112 silly gunzTarPerm modified mode [ '', 493, 511 ]
113 silly gunzTarPerm extractEntry
114 silly gunzTarPerm modified mode [ '', 420, 438 ]
115 silly gunzTarPerm extractEntry
116 silly gunzTarPerm modified mode [ '', 420, 438 ]
117 silly gunzTarPerm extractEntry
118 silly gunzTarPerm modified mode [ '', 420, 438 ]
119 silly gunzTarPerm extractEntry
120 silly gunzTarPerm modified mode [ '', 420, 438 ]
121 silly gunzTarPerm extractEntry
122 silly gunzTarPerm modified mode [ '', 420, 438 ]
123 silly gunzTarPerm extractEntry
124 silly gunzTarPerm modified mode [ '', 420, 438 ]
125 silly gunzTarPerm extractEntry
126 silly gunzTarPerm modified mode [ '', 420, 438 ]
127 silly gunzTarPerm extractEntry
128 silly gunzTarPerm modified mode [ '', 420, 438 ]
129 silly gunzTarPerm extractEntry
130 silly gunzTarPerm modified mode [ '', 420, 438 ]
131 silly gunzTarPerm extractEntry
132 silly gunzTarPerm modified mode [ '', 420, 438 ]
133 silly gunzTarPerm extractEntry
134 silly gunzTarPerm modified mode [ '', 420, 438 ]
135 silly gunzTarPerm extractEntry
136 silly gunzTarPerm modified mode [ '', 420, 438 ]
137 silly gunzTarPerm extractEntry
138 silly gunzTarPerm modified mode [ '', 420, 438 ]
139 silly gunzTarPerm extractEntry
140 silly gunzTarPerm modified mode [ '', 420, 438 ]
141 silly gunzTarPerm extractEntry
142 silly gunzTarPerm modified mode [ '', 420, 438 ]
143 silly gunzTarPerm extractEntry
144 silly gunzTarPerm modified mode [ '', 420, 438 ]
145 silly gunzTarPerm extractEntry
146 silly gunzTarPerm modified mode [ '', 420, 438 ]
147 silly gunzTarPerm extractEntry
148 silly gunzTarPerm modified mode [ '', 493, 511 ]
149 silly gunzTarPerm extractEntry
150 silly gunzTarPerm modified mode [ '', 420, 438 ]
151 silly gunzTarPerm extractEntry
152 silly gunzTarPerm modified mode [ '', 420, 438 ]
153 silly gunzTarPerm extractEntry
154 silly gunzTarPerm modified mode [ '', 420, 438 ]
155 silly gunzTarPerm extractEntry
156 silly gunzTarPerm modified mode [ '', 493, 511 ]
157 silly gunzTarPerm extractEntry
158 silly gunzTarPerm modified mode [ '', 420, 438 ]
159 silly gunzTarPerm extractEntry
160 silly gunzTarPerm modified mode [ '', 420, 438 ]
161 silly gunzTarPerm extractEntry
162 silly gunzTarPerm modified mode [ '', 420, 438 ]
163 silly gunzTarPerm extractEntry
164 silly gunzTarPerm modified mode [ '', 493, 511 ]
165 silly gunzTarPerm extractEntry
166 silly gunzTarPerm modified mode [ '', 420, 438 ]
167 silly gunzTarPerm extractEntry
168 silly gunzTarPerm modified mode [ '', 420, 438 ]
169 silly gunzTarPerm extractEntry
170 silly gunzTarPerm modified mode [ '', 420, 438 ]
171 silly gunzTarPerm extractEntry
172 silly gunzTarPerm modified mode [ '', 420, 438 ]
173 silly gunzTarPerm extractEntry
174 silly gunzTarPerm modified mode [ '', 420, 438 ]
175 silly gunzTarPerm extractEntry
176 silly gunzTarPerm modified mode [ '', 420, 438 ]
177 silly gunzTarPerm extractEntry
178 silly gunzTarPerm modified mode [ '', 420, 438 ]
179 silly gunzTarPerm extractEntry
180 silly gunzTarPerm modified mode [ '', 420, 438 ]
181 silly gunzTarPerm extractEntry
182 silly gunzTarPerm modified mode [ '', 420, 438 ]
183 silly gunzTarPerm extractEntry
184 silly gunzTarPerm modified mode [ '', 420, 438 ]
185 silly gunzTarPerm extractEntry
186 silly gunzTarPerm modified mode [ '', 420, 438 ]
187 silly gunzTarPerm extractEntry
188 silly gunzTarPerm modified mode [ '', 420, 438 ]
189 silly gunzTarPerm extractEntry
190 silly gunzTarPerm modified mode [ '', 420, 438 ]
191 silly gunzTarPerm extractEntry
192 silly gunzTarPerm modified mode [ '', 420, 438 ]
193 silly gunzTarPerm extractEntry
194 silly gunzTarPerm modified mode [ '', 420, 438 ]
195 silly gunzTarPerm extractEntry
196 silly gunzTarPerm modified mode [ '', 420, 438 ]
197 silly gunzTarPerm extractEntry
198 silly gunzTarPerm modified mode [ '', 420, 438 ]
199 silly gunzTarPerm extractEntry
200 silly gunzTarPerm modified mode [ '', 420, 438 ]
201 silly gunzTarPerm extractEntry
202 silly gunzTarPerm modified mode [ '', 420, 438 ]
203 verbose unlock done using C:\Users\Unity_0118\AppData\Local\npm-cache\_locks\types-node-b9587e37e128d70e.lock for C:\Users\Unity_0118\Desktop\Java\Facebook\node_modules\@types\node
204 verbose stack Error: ENOENT: no such file or directory, open 'C:\Users\Unity_0118\Desktop\Java\Facebook\node_modules\@types\node\package.json'
205 verbose cwd C:\Users\Unity_0118\Desktop\Java\Facebook
206 error Windows_NT 10.0.22621
207 error argv "C:\\Program Files\\nodejs\\node.exe" "C:\\Users\\Unity_0118\\node_modules\\npm\\bin\\npm-cli.js" "install" "--save-dev" "@types/node"
208 error node v20.14.0
209 error npm  v2.15.12
210 error path C:\Users\Unity_0118\Desktop\Java\Facebook\node_modules\@types\node\package.json
211 error code ENOTDIR
212 error errno -4058
213 error syscall open
214 error ENOENT: no such file or directory, open 'C:\Users\Unity_0118\Desktop\Java\Facebook\node_modules\@types\node\package.json'
215 error If you need help, you may report this error at:
215 error     <https://github.com/npm/npm/issues>
216 verbose exit [ -4058, true ]
217 verbose unbuild node_modules\@types\node
218 silly gentlyRm C:\Users\Unity_0118\Desktop\Java\Facebook\node_modules\@types\node is being purged from base C:\Users\Unity_0118\Desktop\Java\Facebook
219 verbose gentlyRm don't care about contents; nuking C:\Users\Unity_0118\Desktop\Java\Facebook\node_modules\@types\node
220 silly vacuum-fs purging C:\Users\Unity_0118\Desktop\Java\Facebook\node_modules\@types\node
221 silly vacuum-fs removing C:\Users\Unity_0118\Desktop\Java\Facebook\node_modules\@types
222 silly vacuum-fs quitting because other entries in C:\Users\Unity_0118\Desktop\Java\Facebook\node_modules
